<?xml version='1.0' encoding='UTF-8'?>
<testsuite hostname="Villes-MacBook-Pro-2.local" name="fi.orangit.fpic.PicSpec" tests="25" errors="0" failures="0" skipped="0" time="0.14" timestamp="2019-12-23T14:10:36">
                     <properties>
      <property name="awt.toolkit" value="sun.lwawt.macosx.LWCToolkit"/><property name="java.specification.version" value="11"/><property name="sun.cpu.isalist" value=""/><property name="sun.jnu.encoding" value="UTF-8"/><property name="sun.arch.data.model" value="64"/><property name="java.vendor.url" value="https://adoptopenjdk.net/"/><property name="sun.boot.library.path" value="/Users/vpeurala/.sdkman/candidates/java/11.0.4.hs-adpt/lib"/><property name="sun.java.command" value="/Users/vpeurala/.sdkman/candidates/sbt/1.3.4/bin/sbt-launch.jar clean coverage test coverageReport doc"/><property name="jdk.debug" value="release"/><property name="java.specification.vendor" value="Oracle Corporation"/><property name="java.version.date" value="2019-07-16"/><property name="java.home" value="/Users/vpeurala/.sdkman/candidates/java/11.0.4.hs-adpt"/><property name="file.separator" value="/"/><property name="java.vm.compressedOopsMode" value="Zero based"/><property name="line.separator" value="
"/><property name="java.specification.name" value="Java Platform API Specification"/><property name="java.vm.specification.vendor" value="Oracle Corporation"/><property name="sun.management.compiler" value="HotSpot 64-Bit Tiered Compilers"/><property name="java.runtime.version" value="11.0.4+11"/><property name="user.name" value="vpeurala"/><property name="log4j.ignoreTCL" value="true"/><property name="file.encoding" value="UTF-8"/><property name="java.vendor.version" value="AdoptOpenJDK"/><property name="java.io.tmpdir" value="/var/folders/5s/_5n4w19d3bl9nq45c7fy8ycm0000gn/T/"/><property name="java.version" value="11.0.4"/><property name="java.vm.specification.name" value="Java Virtual Machine Specification"/><property name="java.awt.printerjob" value="sun.lwawt.macosx.CPrinterJob"/><property name="sun.os.patch.level" value="unknown"/><property name="java.library.path" value="/Users/vpeurala/Library/Java/Extensions:/Library/Java/Extensions:/Network/Library/Java/Extensions:/System/Library/Java/Extensions:/usr/lib/java:."/><property name="java.vendor" value="AdoptOpenJDK"/><property name="scala.ext.dirs" value="/Users/vpeurala/.sbt/0.13/java9-rt-ext-adoptopenjdk_11_0_4"/><property name="sun.io.unicode.encoding" value="UnicodeBig"/><property name="gopherProxySet" value="false"/><property name="java.class.path" value="/Users/vpeurala/.sdkman/candidates/sbt/1.3.4/bin/sbt-launch.jar"/><property name="java.vm.vendor" value="AdoptOpenJDK"/><property name="jline.shutdownhook" value="false"/><property name="user.timezone" value="Europe/Helsinki"/><property name="os.name" value="Mac OS X"/><property name="java.vm.specification.version" value="11"/><property name="sun.java.launcher" value="SUN_STANDARD"/><property name="user.country" value="FI"/><property name="sun.cpu.endian" value="little"/><property name="user.home" value="/Users/vpeurala"/><property name="user.language" value="en"/><property name="swoval.tmpdir" value="/Users/vpeurala/.sbt/1.0"/><property name="java.awt.graphicsenv" value="sun.awt.CGraphicsEnvironment"/><property name="jline.esc.timeout" value="0"/><property name="path.separator" value=":"/><property name="os.version" value="10.15.2"/><property name="jna.nosys" value="true"/><property name="java.runtime.name" value="OpenJDK Runtime Environment"/><property name="java.vm.name" value="OpenJDK 64-Bit Server VM"/><property name="java.vendor.url.bug" value="https://github.com/AdoptOpenJDK/openjdk-build/issues"/><property name="user.dir" value="/Users/vpeurala/Projects/OrangIT/FinnPic"/><property name="os.arch" value="x86_64"/><property name="java.vm.info" value="mixed mode"/><property name="java.vm.version" value="11.0.4+11"/><property name="java.class.version" value="55.0"/>
    </properties>
                     <testcase classname="fi.orangit.fpic.PicSpec" name="object Pic, method fromString should reject an empty string" time="0.023">
                                                 
                                               </testcase><testcase classname="fi.orangit.fpic.PicSpec" name="object Pic, method fromString should reject a PIC with non-numeric character in the first 6 places" time="0.001">
                                                 
                                               </testcase><testcase classname="fi.orangit.fpic.PicSpec" name="object Pic, method fromString should reject a PIC where the delimiter char is something other than +, -, or A" time="0.0">
                                                 
                                               </testcase><testcase classname="fi.orangit.fpic.PicSpec" name="object Pic, method fromString should reject a PIC where the individual number is not numeric" time="0.0">
                                                 
                                               </testcase><testcase classname="fi.orangit.fpic.PicSpec" name="object Pic, method fromString should reject a PIC the control character is wrong" time="0.0">
                                                 
                                               </testcase><testcase classname="fi.orangit.fpic.PicSpec" name="object Pic, method fromString should accept a valid PIC" time="0.002">
                                                 
                                               </testcase><testcase classname="fi.orangit.fpic.PicSpec" name="object Pic, method fromString should uppercase all characters to achieve a canonical representation" time="0.001">
                                                 
                                               </testcase><testcase classname="fi.orangit.fpic.PicSpec" name="object Pic, method fromStringUnsafe / fromStringU should throw an IllegalArgumentException if the input is not a valid PIC" time="0.003">
                                                 
                                               </testcase><testcase classname="fi.orangit.fpic.PicSpec" name="class Pic should know the supposed gender of the person" time="0.001">
                                                 
                                               </testcase><testcase classname="fi.orangit.fpic.PicSpec" name="class Pic should know the birth year of the person" time="0.001">
                                                 
                                               </testcase><testcase classname="fi.orangit.fpic.PicSpec" name="class Pic should know the birth month of the person" time="0.001">
                                                 
                                               </testcase><testcase classname="fi.orangit.fpic.PicSpec" name="class Pic should know the birth day (of month) of the person" time="0.0">
                                                 
                                               </testcase><testcase classname="fi.orangit.fpic.PicSpec" name="class Pic should know the birth date of the person" time="0.001">
                                                 
                                               </testcase><testcase classname="fi.orangit.fpic.PicSpec" name="class Pic should know the age of the person in question, on the day before birthday" time="0.003">
                                                 
                                               </testcase><testcase classname="fi.orangit.fpic.PicSpec" name="class Pic should know the age of the person in question, on birthday" time="0.002">
                                                 
                                               </testcase><testcase classname="fi.orangit.fpic.PicSpec" name="class Pic should know if the person if os Finnish legal age at some point in time, on the day before birthday" time="0.003">
                                                 
                                               </testcase><testcase classname="fi.orangit.fpic.PicSpec" name="class Pic should know if the person if os Finnish legal age at some point in time, on birthday" time="0.001">
                                                 
                                               </testcase><testcase classname="fi.orangit.fpic.PicSpec" name="class Pic should know if the person is of Finnish legal age now" time="0.001">
                                                 
                                               </testcase><testcase classname="fi.orangit.fpic.PicSpec" name="toString() should just show the original pic (the String value) without any decoration" time="0.001">
                                                 
                                               </testcase><testcase classname="fi.orangit.fpic.PicSpec" name="equals() should match if the PIC String value is equal" time="0.0">
                                                 
                                               </testcase><testcase classname="fi.orangit.fpic.PicSpec" name="equals() should match if the PIC String is equivalent, but the control character is in a different case" time="0.001">
                                                 
                                               </testcase><testcase classname="fi.orangit.fpic.PicSpec" name="equals() should match if the PIC String is equivalent, but the sign character is in a different case" time="0.001">
                                                 
                                               </testcase><testcase classname="fi.orangit.fpic.PicSpec" name="equals() should not match if the PIC String is different" time="0.092">
                                                 
                                               </testcase><testcase classname="fi.orangit.fpic.PicSpec" name="equals() should not match with an object of a different class" time="0.0">
                                                 
                                               </testcase><testcase classname="fi.orangit.fpic.PicSpec" name="hashCode() should be the same as the PIC String's hashCode" time="0.001">
                                                 
                                               </testcase>
                     <system-out><![CDATA[]]></system-out>
                     <system-err><![CDATA[]]></system-err>
                   </testsuite>
